<?xml version="1.0" encoding="UTF-8"?>
<!-- Generated by org.testng.reporters.JUnitXMLReporter -->
<testsuite ignored="0" hostname="Gana-HP" failures="0" tests="5" name="Test1" time="36.485" errors="0" timestamp="2024-07-21T11:50:50 IST">
  <testcase classname="crossBrowserTesting.Buffalo" name="buffalo" time="29.779"/>
  <testcase classname="crossBrowserTesting.PumaShoe" name="puma" time="29.819"/>
  <testcase classname="crossBrowserTesting.Bata" name="bata" time="30.272"/>
  <testcase classname="crossBrowserTesting.Crocs" name="crocs" time="33.496"/>
  <testcase classname="crossBrowserTesting.Adidas" name="adidas" time="36.419"/>
</testsuite> <!-- Test1 -->
