<?xml version="1.0" encoding="UTF-8"?>
<!-- Generated by org.testng.reporters.JUnitXMLReporter -->
<testsuite ignored="0" hostname="Gana-HP" failures="0" tests="5" name="Test2" time="45.156" errors="0" timestamp="2024-03-12T15:19:17 IST">
  <testcase classname="crossBrowserTesting.PumaShoe" name="puma" time="10.464"/>
  <testcase classname="crossBrowserTesting.Bata" name="bata" time="13.578"/>
  <testcase classname="crossBrowserTesting.Buffalo" name="buffalo" time="4.566"/>
  <testcase classname="crossBrowserTesting.Crocs" name="crocs" time="12.365"/>
  <testcase classname="crossBrowserTesting.Adidas" name="adidas" time="4.166"/>
</testsuite> <!-- Test2 -->
