<?xml version="1.0" encoding="UTF-8"?>
<!-- Generated by org.testng.reporters.JUnitXMLReporter -->
<testsuite ignored="0" hostname="Gana-HP" failures="0" tests="5" name="Test" time="77.47" errors="0" timestamp="2023-12-14T17:42:23 IST">
  <testcase classname="crossBrowserTesting.PumaShoe" name="puma" time="17.281"/>
  <testcase classname="crossBrowserTesting.Bata" name="bata" time="12.606"/>
  <testcase classname="crossBrowserTesting.Buffalo" name="buffalo" time="7.962"/>
  <testcase classname="crossBrowserTesting.Crocs" name="crocs" time="29.502"/>
  <testcase classname="crossBrowserTesting.Adidas" name="adidas" time="10.033"/>
</testsuite> <!-- Test -->
