<?xml version="1.0" encoding="UTF-8"?>
<!-- Generated by org.testng.reporters.JUnitXMLReporter -->
<testsuite ignored="0" hostname="Gana-HP" failures="0" tests="3" name="Test" time="25.061" errors="0" timestamp="2023-10-16T14:35:53 IST">
  <testcase classname="testNG.ProductAddToCartTest" name="productAddToCartTest" time="9.389"/>
  <testcase classname="testNG.LoginTest" name="loginTest" time="5.764"/>
  <testcase classname="testNG.RegisterTest" name="registerTest" time="9.84"/>
</testsuite> <!-- Test -->
